Arguments: 
  /Users/alexwang/.nvm/versions/node/v18.20.2/bin/node /Users/alexwang/.yarn/bin/yarn.js add rc-util

PATH: 
  /Users/alexwang/.meteor:/Users/alexwang/.yarn/bin:/Users/alexwang/.config/yarn/global/node_modules/.bin:/Users/alexwang/.nvm/versions/node/v18.20.2/bin:/usr/local/bin:/System/Cryptexes/App/usr/bin:/usr/bin:/bin:/usr/sbin:/sbin:/Library/Apple/usr/bin:/Applications/Wireshark.app/Contents/MacOS:/Applications/iTerm.app/Contents/Resources/utilities:/Users/alexwang/.rvm/bin

Yarn version: 
  1.22.19

Node version: 
  18.20.2

Platform: 
  darwin x64

Trace: 
  Error: ENOENT: no such file or directory, open '/Users/alexwang/Library/Caches/Yarn/v6/npm-@swc-core-darwin-x64-1.3.72-b9d7d5ba3b68ae507e48e038f91d97aafd6bd907-integrity/node_modules/@swc/core-darwin-x64/.yarn-metadata.json'

npm manifest: 
  {
    "name": "@formily/antd-dumi",
    "version": "3.0.2",
    "homepage": "https://github.com/JinJinHrb/formily-antd-dumi.git#readme",
    "bugs": {
      "url": "https://github.com/JinJinHrb/formily-antd-dumi.git/issues"
    },
    "repository": {
      "type": "git",
      "url": "git+https://github.com/JinJinHrb/formily-antd-dumi.git",
      "platform": "gitlab"
    },
    "license": "MIT",
    "sideEffects": [
      "dist/*",
      "esm/*.js",
      "lib/*.js",
      "src/*.ts",
      "*.less",
      "**/*/style.js",
      "src/**/*.less"
    ],
    "main": "lib",
    "umd:main": "dist/formily.antd.dumi.umd.production.js",
    "jsdelivr": "dist/formily.antd.dumi.umd.production.js",
    "unpkg": "dist/formily.antd.dumi.umd.production.js",
    "module": "esm",
    "jsnext:main": "esm",
    "types": "esm/index.d.ts",
    "files": [
      "dist",
      "esm",
      "lib"
    ],
    "scripts": {
      "build": "npm run clean && npm run create:style && npm run build:cjs && npm run build:esm && npm run build:style && npm run build:umd",
      "build:cjs": "tsc --project tsconfig.build.json",
      "build:esm": "tsc --project tsconfig.build.json --module esnext --outDir esm",
      "build:style": "node --loader ts-node/esm ./build-style.ts",
      "build:umd": "rollup --config",
      "clean": "rimraf -rf lib esm dist docs-dist ./src/.umi .src/.umi-production .mfsu-production ",
      "create:style": "node --loader ts-node/esm ./create-style.ts",
      "dev": "dumi dev",
      "dev-push": "yarn build & yalc publish --push",
      "docs:build": "dumi build",
      "notify": "node ./cli/bin/notify.mjs",
      "prepublishOnly": "yarn build",
      "release": "bumpp",
      "test": "jest --coverage",
      "test:unit": "jest ./src/**/__test__/*.* --silent=false -u"
    },
    "dependencies": {
      "antd": "4.24.16",
      "classnames": "^2.2.6",
      "dumi": "^2.2.17",
      "lodash-es": "^4.17.21",
      "puppeteer": "19.2.2",
      "react-sortable-hoc": "^2.0.0",
      "react-sticky-box": "^1.0.2",
      "react-virtualized-auto-sizer": "^1.0.20",
      "react-window": "^1.8.9"
    },
    "devDependencies": {
      "@babel/core": "^7.20.2",
      "@babel/plugin-proposal-class-properties": "^7.18.6",
      "@babel/plugin-proposal-nullish-coalescing-operator": "^7.18.6",
      "@babel/plugin-proposal-optional-chaining": "^7.18.9",
      "@babel/plugin-syntax-decorators": "^7.22.10",
      "@babel/plugin-syntax-do-expressions": "^7.22.5",
      "@babel/plugin-syntax-dynamic-import": "^7.8.3",
      "@babel/plugin-syntax-export-default-from": "^7.22.5",
      "@babel/plugin-syntax-flow": "^7.22.5",
      "@babel/plugin-syntax-function-bind": "^7.22.5",
      "@babel/plugin-syntax-function-sent": "^7.22.5",
      "@babel/plugin-syntax-jsx": "^7.18.6",
      "@babel/plugin-transform-modules-commonjs": "^7.19.6",
      "@babel/plugin-transform-runtime": "^7.19.6",
      "@babel/preset-env": "^7.20.2",
      "@babel/preset-react": "^7.18.6",
      "@babel/preset-typescript": "^7.18.6",
      "@formily/core": "2.1.5",
      "@formily/grid": "2.1.5",
      "@formily/json-schema": "2.1.5",
      "@formily/react": "2.1.5",
      "@formily/reactive": "2.1.5",
      "@formily/reactive-react": "2.1.5",
      "@formily/shared": "2.1.5",
      "@rollup/plugin-babel": "^6.0.2",
      "@rollup/plugin-commonjs": "^17.0.0",
      "@testing-library/jest-dom": "^5.16.5",
      "@testing-library/react": "^12.1.2",
      "@testing-library/react-hooks": "^8.0.1",
      "@testing-library/user-event": "^14.4.3",
      "@types/expect-puppeteer": "^5.0.2",
      "@types/jest": "^29.2.2",
      "@types/jest-environment-puppeteer": "^5.0.3",
      "@types/lodash-es": "^4.17.12",
      "@typescript-eslint/eslint-plugin": "^5.43.0",
      "@typescript-eslint/parser": "^5.43.0",
      "@umijs/plugin-sass": "^1.1.1",
      "@wojtekmaj/enzyme-adapter-react-17": "^0.8.0",
      "ahooks": "^3.7.5",
      "babel-eslint": "^10.1.0",
      "babel-jest": "^29.3.1",
      "bignumber.js": "^9.1.1",
      "bumpp": "^8.2.1",
      "chalk": "^5.1.2",
      "cross-env": "^7.0.3",
      "enzyme": "^3.11.0",
      "eslint": "^8.27.0",
      "eslint-config-airbnb": "^19.0.4",
      "eslint-config-prettier": "^8.5.0",
      "eslint-plugin-import": "^2.26.0",
      "eslint-plugin-jsx-a11y": "^6.6.1",
      "eslint-plugin-markdown": "^3.0.0",
      "eslint-plugin-prettier": "^4.2.1",
      "eslint-plugin-promise": "^6.1.1",
      "eslint-plugin-react": "^7.31.10",
      "eslint-plugin-react-hooks": "^4.6.0",
      "eslint-plugin-testing-library": "^5.9.1",
      "fs": "^0.0.1-security",
      "fs-extra": "^10.1.0",
      "glob": "^8.0.3",
      "identity-obj-proxy": "^3.0.0",
      "jest": "^29.3.1",
      "jest-axe": "^7.0.0",
      "jest-environment-jsdom": "^29.3.1",
      "jest-environment-puppeteer": "^6.1.1",
      "jest-image-snapshot": "^6.0.0",
      "jest-less-loader": "^0.1.2",
      "jest-puppeteer": "^6.1.1",
      "js-cookie": "^3.0.5",
      "less": "^3.9.0",
      "less-loader": "^4.0.3",
      "less-plugin-npm-import": "^2.1.0",
      "less-vars-to-js": "^1.3.0",
      "marked": "^4.2.3",
      "mfetch": "^0.2.27",
      "mockdate": "^3.0.5",
      "moment": "^2.30.1",
      "numeral": "^2.0.6",
      "pinyin-pro": "^3.17.0",
      "postcss": "^8.4.4",
      "postcss-less": "^5.0.0",
      "pretty-format": "^29.3.1",
      "react": "^17.0.2",
      "react-copy-to-clipboard": "^5.0.4",
      "react-dom": "^17.0.2",
      "react-query": "^3.39.3",
      "rimraf": "^3.0.2",
      "rollup": "^2.37.1",
      "rollup-plugin-dts": "^2.0.0",
      "rollup-plugin-external-globals": "^0.6.1",
      "rollup-plugin-inject-process-env": "^1.3.1",
      "rollup-plugin-node-resolve": "^5.2.0",
      "rollup-plugin-peer-deps-external": "^2.2.4",
      "rollup-plugin-postcss": "^4.0.0",
      "rollup-plugin-terser": "^7.0.2",
      "rollup-plugin-typescript2": "^0.30.0",
      "ts-jest": "^29.0.3",
      "ts-node": "^10.9.1",
      "typescript": "^4.6.4",
      "webpack": "^4.41.5"
    },
    "peerDependencies": {
      "@formily/core": "2.1.5",
      "@formily/grid": "2.1.5",
      "@formily/json-schema": "2.1.5",
      "@formily/react": "2.1.5",
      "@formily/reactive": "2.1.5",
      "@formily/reactive-react": "2.1.5",
      "@formily/shared": "2.1.5",
      "@types/react": ">=16.8.0",
      "@types/react-dom": ">=16.8.0",
      "ahooks": ">=3.1.0",
      "bignumber.js": ">=9.0.2",
      "numeral": ">=2.0.0",
      "react": ">=16.8.0",
      "react-dom": ">=16.8.0",
      "react-is": ">=16.8.0",
      "react-query": ">=3.39.3"
    },
    "engines": {
      "npm": ">=3.0.0"
    },
    "publishConfig": {
      "registry": ""
    }
  }

yarn manifest: 
  No manifest

Lockfile: 
  No lockfile
